<?xml version="1.0" encoding="UTF-8"?>
<testsuite name="Academy Choucair" tests="1" skipped="0" failures="0" errors="0" timestamp="2021-03-31T04:33:02" hostname="OASIS-00817" time="34.976">
  <properties/>
  <testcase name="Search for the automation course" classname="Academy Choucair" time="34.976"/>
  <system-out><![CDATA[]]></system-out>
  <system-err><![CDATA[[Test worker] WARN net.thucydides.core.steps.BaseStepListener - stepStarted: net.thucydides.core.steps.ExecutedStepDescription@6451ac14
[Test worker] WARN net.thucydides.core.steps.BaseStepListener - stepStarted: net.thucydides.core.steps.ExecutedStepDescription@4af34588
[Test worker] WARN net.thucydides.core.steps.BaseStepListener - stepStarted: net.thucydides.core.steps.ExecutedStepDescription@3cc37f39
mar 30, 2021 11:33:04 PM org.openqa.selenium.remote.DesiredCapabilities chrome
INFORMACIÓN: Using `new ChromeOptions()` is preferred to `DesiredCapabilities.chrome()`
[Test worker] INFO net.serenitybdd.core.webdriver.driverproviders.ProvideNewDriver - Instantiating driver
[Test worker] INFO net.serenitybdd.core.webdriver.driverproviders.ProvideNewDriver - Driver capabilities: Capabilities {acceptInsecureCerts: false, browserName: chrome, chrome.switches: --start-maximized, goog:chromeOptions: {args: [--start-maximized], extensions: []}, loggingPrefs: org.openqa.selenium.logging..., platform: ANY, version: }
Starting ChromeDriver 89.0.4389.23 (61b08ee2c50024bab004e48d2b1b083cdbdac579-refs/branch-heads/4389@{#294}) on port 13131
Only local connections are allowed.
Please see https://chromedriver.chromium.org/security-considerations for suggestions on keeping ChromeDriver safe.
ChromeDriver was started successfully.
mar 30, 2021 11:33:13 PM org.openqa.selenium.remote.ProtocolHandshake createSession
INFORMACIÓN: Detected dialect: W3C
[Test worker] WARN net.thucydides.core.steps.BaseStepListener - stepFinished: current outcome:Search for the automation course:Given Than Julian wants to learn automation at the academy choucair
| strUser | strPassword |
| 1073700583 | Choucair2021* | [Julian open up [Julian opens the Choucair academy page]]
[Test worker] WARN net.thucydides.core.steps.BaseStepListener - stepFinished: current outcome:Search for the automation course:Given Than Julian wants to learn automation at the academy choucair
| strUser | strPassword |
| 1073700583 | Choucair2021* | [Julian open up [Julian opens the Choucair academy page]]
[Test worker] WARN net.thucydides.core.steps.BaseStepListener - stepStarted: net.thucydides.core.steps.ExecutedStepDescription@3b49f050
[Test worker] WARN net.thucydides.core.steps.BaseStepListener - stepStarted: net.thucydides.core.steps.ExecutedStepDescription@7190c4f9
[Test worker] WARN net.thucydides.core.steps.BaseStepListener - stepFinished: current outcome:Search for the automation course:Given Than Julian wants to learn automation at the academy choucair
| strUser | strPassword |
| 1073700583 | Choucair2021* | [Julian open up [Julian opens the Choucair academy page], Julian login [Julian clicks on button that shows us the form to login]]
[Test worker] WARN net.thucydides.core.steps.BaseStepListener - stepStarted: net.thucydides.core.steps.ExecutedStepDescription@2eb5417b
[Test worker] WARN net.thucydides.core.steps.BaseStepListener - stepFinished: current outcome:Search for the automation course:Given Than Julian wants to learn automation at the academy choucair
| strUser | strPassword |
| 1073700583 | Choucair2021* | [Julian open up [Julian opens the Choucair academy page], Julian login [Julian clicks on button that shows us the form to login, Julian enters '1073700583' into where do we write user]]
[Test worker] WARN net.thucydides.core.steps.BaseStepListener - stepStarted: net.thucydides.core.steps.ExecutedStepDescription@1b8fa5e
[Test worker] WARN net.thucydides.core.steps.BaseStepListener - stepFinished: current outcome:Search for the automation course:Given Than Julian wants to learn automation at the academy choucair
| strUser | strPassword |
| 1073700583 | Choucair2021* | [Julian open up [Julian opens the Choucair academy page], Julian login [Julian clicks on button that shows us the form to login, Julian enters '1073700583' into where do we write user, Julian enters 'Choucair2021*' into where do we write password]]
[Test worker] WARN net.thucydides.core.steps.BaseStepListener - stepStarted: net.thucydides.core.steps.ExecutedStepDescription@13d98d29
[Test worker] WARN net.thucydides.core.steps.BaseStepListener - stepFinished: current outcome:Search for the automation course:Given Than Julian wants to learn automation at the academy choucair
| strUser | strPassword |
| 1073700583 | Choucair2021* | [Julian open up [Julian opens the Choucair academy page], Julian login [Julian clicks on button that shows us the form to login, Julian enters '1073700583' into where do we write user, Julian enters 'Choucair2021*' into where do we write password, Julian clicks on button to confirm login]]
[Test worker] WARN net.thucydides.core.steps.BaseStepListener - stepFinished: current outcome:Search for the automation course:Given Than Julian wants to learn automation at the academy choucair
| strUser | strPassword |
| 1073700583 | Choucair2021* | [Julian open up [Julian opens the Choucair academy page], Julian login [Julian clicks on button that shows us the form to login, Julian enters '1073700583' into where do we write user, Julian enters 'Choucair2021*' into where do we write password, Julian clicks on button to confirm login]]
[Test worker] WARN net.thucydides.core.steps.BaseStepListener - stepFinished: current outcome:Search for the automation course:Given Than Julian wants to learn automation at the academy choucair
| strUser | strPassword |
| 1073700583 | Choucair2021* | [Julian open up [Julian opens the Choucair academy page], Julian login [Julian clicks on button that shows us the form to login, Julian enters '1073700583' into where do we write user, Julian enters 'Choucair2021*' into where do we write password, Julian clicks on button to confirm login]]
[Test worker] WARN net.thucydides.core.steps.BaseStepListener - stepStarted: net.thucydides.core.steps.ExecutedStepDescription@2f93799c
[Test worker] WARN net.thucydides.core.steps.BaseStepListener - stepStarted: net.thucydides.core.steps.ExecutedStepDescription@4ff1b4c0
[Test worker] WARN net.thucydides.core.steps.BaseStepListener - stepStarted: net.thucydides.core.steps.ExecutedStepDescription@6fbaa691
[Test worker] WARN net.thucydides.core.steps.BaseStepListener - stepFinished: current outcome:Search for the automation course:Given Than Julian wants to learn automation at the academy choucair
| strUser | strPassword |
| 1073700583 | Choucair2021* | [Julian open up [Julian opens the Choucair academy page], Julian login [Julian clicks on button that shows us the form to login, Julian enters '1073700583' into where do we write user, Julian enters 'Choucair2021*' into where do we write password, Julian clicks on button to confirm login]], When He search for the course on the choucair academy platform
| strCourse |
| Foundation Express | [Julian search [Julian clicks on Select the section courses and certifications]]
[Test worker] WARN net.thucydides.core.steps.BaseStepListener - stepStarted: net.thucydides.core.steps.ExecutedStepDescription@70f32af
[Test worker] WARN net.thucydides.core.steps.BaseStepListener - stepFinished: current outcome:Search for the automation course:Given Than Julian wants to learn automation at the academy choucair
| strUser | strPassword |
| 1073700583 | Choucair2021* | [Julian open up [Julian opens the Choucair academy page], Julian login [Julian clicks on button that shows us the form to login, Julian enters '1073700583' into where do we write user, Julian enters 'Choucair2021*' into where do we write password, Julian clicks on button to confirm login]], When He search for the course on the choucair academy platform
| strCourse |
| Foundation Express | [Julian search [Julian clicks on Select the section courses and certifications, Julian enters 'Foundation Express' into Search the course]]
[Test worker] WARN net.thucydides.core.steps.BaseStepListener - stepStarted: net.thucydides.core.steps.ExecutedStepDescription@36e4bf93
[Test worker] WARN net.thucydides.core.steps.BaseStepListener - stepFinished: current outcome:Search for the automation course:Given Than Julian wants to learn automation at the academy choucair
| strUser | strPassword |
| 1073700583 | Choucair2021* | [Julian open up [Julian opens the Choucair academy page], Julian login [Julian clicks on button that shows us the form to login, Julian enters '1073700583' into where do we write user, Julian enters 'Choucair2021*' into where do we write password, Julian clicks on button to confirm login]], When He search for the course on the choucair academy platform
| strCourse |
| Foundation Express | [Julian search [Julian clicks on Select the section courses and certifications, Julian enters 'Foundation Express' into Search the course, Julian clicks on click button go for the search course]]
[Test worker] WARN net.thucydides.core.steps.BaseStepListener - stepStarted: net.thucydides.core.steps.ExecutedStepDescription@636515a5
[Test worker] WARN net.thucydides.core.steps.BaseStepListener - stepFinished: current outcome:Search for the automation course:Given Than Julian wants to learn automation at the academy choucair
| strUser | strPassword |
| 1073700583 | Choucair2021* | [Julian open up [Julian opens the Choucair academy page], Julian login [Julian clicks on button that shows us the form to login, Julian enters '1073700583' into where do we write user, Julian enters 'Choucair2021*' into where do we write password, Julian clicks on button to confirm login]], When He search for the course on the choucair academy platform
| strCourse |
| Foundation Express | [Julian search [Julian clicks on Select the section courses and certifications, Julian enters 'Foundation Express' into Search the course, Julian clicks on click button go for the search course, Julian clicks on select the course]]
[Test worker] WARN net.thucydides.core.steps.BaseStepListener - stepFinished: current outcome:Search for the automation course:Given Than Julian wants to learn automation at the academy choucair
| strUser | strPassword |
| 1073700583 | Choucair2021* | [Julian open up [Julian opens the Choucair academy page], Julian login [Julian clicks on button that shows us the form to login, Julian enters '1073700583' into where do we write user, Julian enters 'Choucair2021*' into where do we write password, Julian clicks on button to confirm login]], When He search for the course on the choucair academy platform
| strCourse |
| Foundation Express | [Julian search [Julian clicks on Select the section courses and certifications, Julian enters 'Foundation Express' into Search the course, Julian clicks on click button go for the search course, Julian clicks on select the course]]
[Test worker] WARN net.thucydides.core.steps.BaseStepListener - stepFinished: current outcome:Search for the automation course:Given Than Julian wants to learn automation at the academy choucair
| strUser | strPassword |
| 1073700583 | Choucair2021* | [Julian open up [Julian opens the Choucair academy page], Julian login [Julian clicks on button that shows us the form to login, Julian enters '1073700583' into where do we write user, Julian enters 'Choucair2021*' into where do we write password, Julian clicks on button to confirm login]], When He search for the course on the choucair academy platform
| strCourse |
| Foundation Express | [Julian search [Julian clicks on Select the section courses and certifications, Julian enters 'Foundation Express' into Search the course, Julian clicks on click button go for the search course, Julian clicks on select the course]]
[Test worker] WARN net.thucydides.core.steps.BaseStepListener - stepStarted: net.thucydides.core.steps.ExecutedStepDescription@1765768f
[Test worker] WARN net.thucydides.core.steps.BaseStepListener - stepStarted: net.thucydides.core.steps.ExecutedStepDescription@38fec383
[Test worker] WARN net.thucydides.core.steps.BaseStepListener - stepFinished: current outcome:Search for the automation course:Given Than Julian wants to learn automation at the academy choucair
| strUser | strPassword |
| 1073700583 | Choucair2021* | [Julian open up [Julian opens the Choucair academy page], Julian login [Julian clicks on button that shows us the form to login, Julian enters '1073700583' into where do we write user, Julian enters 'Choucair2021*' into where do we write password, Julian clicks on button to confirm login]], When He search for the course on the choucair academy platform
| strCourse |
| Foundation Express | [Julian search [Julian clicks on Select the section courses and certifications, Julian enters 'Foundation Express' into Search the course, Julian clicks on click button go for the search course, Julian clicks on select the course]], Then he finds the course called resources
| strCourse |
| Foundation Express | [Then answer]
[Test worker] WARN net.thucydides.core.steps.BaseStepListener - stepFinished: current outcome:Search for the automation course:Given Than Julian wants to learn automation at the academy choucair
| strUser | strPassword |
| 1073700583 | Choucair2021* | [Julian open up [Julian opens the Choucair academy page], Julian login [Julian clicks on button that shows us the form to login, Julian enters '1073700583' into where do we write user, Julian enters 'Choucair2021*' into where do we write password, Julian clicks on button to confirm login]], When He search for the course on the choucair academy platform
| strCourse |
| Foundation Express | [Julian search [Julian clicks on Select the section courses and certifications, Julian enters 'Foundation Express' into Search the course, Julian clicks on click button go for the search course, Julian clicks on select the course]], Then he finds the course called resources
| strCourse |
| Foundation Express | [Then answer]
[Test worker] WARN net.thucydides.core.steps.BaseStepListener - testFinished: Search for the automation course:Given Than Julian wants to learn automation at the academy choucair
| strUser | strPassword |
| 1073700583 | Choucair2021* | [Julian open up [Julian opens the Choucair academy page], Julian login [Julian clicks on button that shows us the form to login, Julian enters '1073700583' into where do we write user, Julian enters 'Choucair2021*' into where do we write password, Julian clicks on button to confirm login]], When He search for the course on the choucair academy platform
| strCourse |
| Foundation Express | [Julian search [Julian clicks on Select the section courses and certifications, Julian enters 'Foundation Express' into Search the course, Julian clicks on click button go for the search course, Julian clicks on select the course]], Then he finds the course called resources
| strCourse |
| Foundation Express | [Then answer]
[Test worker] WARN net.thucydides.core.steps.BaseStepListener - TestOutcomes: [Search for the automation course:Given Than Julian wants to learn automation at the academy choucair
| strUser | strPassword |
| 1073700583 | Choucair2021* | [Julian open up [Julian opens the Choucair academy page], Julian login [Julian clicks on button that shows us the form to login, Julian enters '1073700583' into where do we write user, Julian enters 'Choucair2021*' into where do we write password, Julian clicks on button to confirm login]], When He search for the course on the choucair academy platform
| strCourse |
| Foundation Express | [Julian search [Julian clicks on Select the section courses and certifications, Julian enters 'Foundation Express' into Search the course, Julian clicks on click button go for the search course, Julian clicks on select the course]], Then he finds the course called resources
| strCourse |
| Foundation Express | [Then answer]]
[Test worker] WARN net.thucydides.core.steps.BaseStepListener - Final testOutcomes: [Search for the automation course:Given Than Julian wants to learn automation at the academy choucair
| strUser | strPassword |
| 1073700583 | Choucair2021* | [Julian open up [Julian opens the Choucair academy page], Julian login [Julian clicks on button that shows us the form to login, Julian enters '1073700583' into where do we write user, Julian enters 'Choucair2021*' into where do we write password, Julian clicks on button to confirm login]], When He search for the course on the choucair academy platform
| strCourse |
| Foundation Express | [Julian search [Julian clicks on Select the section courses and certifications, Julian enters 'Foundation Express' into Search the course, Julian clicks on click button go for the search course, Julian clicks on select the course]], Then he finds the course called resources
| strCourse |
| Foundation Express | [Then answer]]
[Test worker] INFO net.thucydides.core.steps.ConsoleLoggingListener - 
        __    _____ _____ ____ _____   ____   _    ____  ____  _____ ____  
  _     \ \  |_   _| ____/ ___|_   _| |  _ \ / \  / ___|/ ___|| ____|  _ \ 
 (_)_____| |   | | |  _| \___ \ | |   | |_) / _ \ \___ \\___ \|  _| | | | |
  _|_____| |   | | | |___ ___) || |   |  __/ ___ \ ___) |___) | |___| |_| |
 (_)     | |   |_| |_____|____/ |_|   |_| /_/   \_\____/|____/|_____|____/ 
        /_/                                                                

TEST PASSED: Search for the automation course
----------------------------------------------------------------------------
]]></system-err>
</testsuite>
